<?xml version="1.0" encoding="utf-8"?>
<TestRun id="34577e8e-c0aa-4468-9cd4-7768bb714b1e" name="ferna@DESKTOP-VLFM8NJ 2024-07-11 20:58:04" runUser="DESKTOP-VLFM8NJ\ferna" xmlns="http://microsoft.com/schemas/VisualStudio/TeamTest/2010">
  <Times creation="2024-07-11T20:58:04.1549618-05:00" queuing="2024-07-11T20:58:04.1549622-05:00" start="2024-07-11T20:58:00.5843876-05:00" finish="2024-07-11T20:58:04.1673644-05:00" />
  <TestSettings name="default" id="85f98cd3-e139-497f-b9c1-869a18831cd7">
    <Deployment runDeploymentRoot="ferna_DESKTOP-VLFM8NJ_2024-07-11_20_58_04" />
  </TestSettings>
  <Results>
    <UnitTestResult executionId="d739a9a0-d919-4370-99de-b34d5736d12e" testId="02ff63be-71b5-04ac-44e4-fb85d5ed6d4a" testName="Estudiantes.Application.Tests.ValidationBehaviorTests.Handle_Should_Not_Throw_When_Validation_Succeds" computerName="DESKTOP-VLFM8NJ" duration="00:00:01.3154996" startTime="2024-07-11T20:58:04.0310936-05:00" endTime="2024-07-11T20:58:04.0310940-05:00" testType="13cdc9d9-ddb5-4fa4-a97d-d965ccfc6d4b" outcome="Passed" testListId="8c84fa94-04c1-424b-9868-57a2d4851a1d" relativeResultsDirectory="d739a9a0-d919-4370-99de-b34d5736d12e" />
    <UnitTestResult executionId="22b7afd0-aecd-44fd-9419-b7663809ddc6" testId="409ed2fe-cf80-bf94-44ab-99af1a930928" testName="Estudiantes.Application.Tests.ValidationBehaviorTests.Handle_Should_Throw_ValidationException_When_Validation_Fails" computerName="DESKTOP-VLFM8NJ" duration="00:00:00.0093682" startTime="2024-07-11T20:58:04.0406437-05:00" endTime="2024-07-11T20:58:04.0406441-05:00" testType="13cdc9d9-ddb5-4fa4-a97d-d965ccfc6d4b" outcome="Passed" testListId="8c84fa94-04c1-424b-9868-57a2d4851a1d" relativeResultsDirectory="22b7afd0-aecd-44fd-9419-b7663809ddc6" />
    <UnitTestResult executionId="059464c7-c1f0-48fb-ae5a-757ce6f9cd94" testId="d8c7d7e4-4d78-9f32-a323-8952e247c195" testName="Estudiantes.Application.Tests.CreateEstudianteCommandHandlerTests.Handle_ValidRequest_CreateEstudiante" computerName="DESKTOP-VLFM8NJ" duration="00:00:01.2990447" startTime="2024-07-11T20:58:04.0194962-05:00" endTime="2024-07-11T20:58:04.0195242-05:00" testType="13cdc9d9-ddb5-4fa4-a97d-d965ccfc6d4b" outcome="Passed" testListId="8c84fa94-04c1-424b-9868-57a2d4851a1d" relativeResultsDirectory="059464c7-c1f0-48fb-ae5a-757ce6f9cd94" />
  </Results>
  <TestDefinitions>
    <UnitTest name="Estudiantes.Application.Tests.ValidationBehaviorTests.Handle_Should_Not_Throw_When_Validation_Succeds" storage="d:\onedrive\trabajo\tecylab\curso net y aws\semana 12\estudiantes\test\estudiantes.application.tests\bin\debug\net8.0\estudiantes.application.tests.dll" id="02ff63be-71b5-04ac-44e4-fb85d5ed6d4a">
      <Execution id="d739a9a0-d919-4370-99de-b34d5736d12e" />
      <TestMethod codeBase="D:\OneDrive\Trabajo\TecyLab\Curso Net y AWS\semana 12\Estudiantes\test\Estudiantes.Application.Tests\bin\Debug\net8.0\Estudiantes.Application.Tests.dll" adapterTypeName="executor://xunit/VsTestRunner2/netcoreapp" className="Estudiantes.Application.Tests.ValidationBehaviorTests" name="Handle_Should_Not_Throw_When_Validation_Succeds" />
    </UnitTest>
    <UnitTest name="Estudiantes.Application.Tests.ValidationBehaviorTests.Handle_Should_Throw_ValidationException_When_Validation_Fails" storage="d:\onedrive\trabajo\tecylab\curso net y aws\semana 12\estudiantes\test\estudiantes.application.tests\bin\debug\net8.0\estudiantes.application.tests.dll" id="409ed2fe-cf80-bf94-44ab-99af1a930928">
      <Execution id="22b7afd0-aecd-44fd-9419-b7663809ddc6" />
      <TestMethod codeBase="D:\OneDrive\Trabajo\TecyLab\Curso Net y AWS\semana 12\Estudiantes\test\Estudiantes.Application.Tests\bin\Debug\net8.0\Estudiantes.Application.Tests.dll" adapterTypeName="executor://xunit/VsTestRunner2/netcoreapp" className="Estudiantes.Application.Tests.ValidationBehaviorTests" name="Handle_Should_Throw_ValidationException_When_Validation_Fails" />
    </UnitTest>
    <UnitTest name="Estudiantes.Application.Tests.CreateEstudianteCommandHandlerTests.Handle_ValidRequest_CreateEstudiante" storage="d:\onedrive\trabajo\tecylab\curso net y aws\semana 12\estudiantes\test\estudiantes.application.tests\bin\debug\net8.0\estudiantes.application.tests.dll" id="d8c7d7e4-4d78-9f32-a323-8952e247c195">
      <Execution id="059464c7-c1f0-48fb-ae5a-757ce6f9cd94" />
      <TestMethod codeBase="D:\OneDrive\Trabajo\TecyLab\Curso Net y AWS\semana 12\Estudiantes\test\Estudiantes.Application.Tests\bin\Debug\net8.0\Estudiantes.Application.Tests.dll" adapterTypeName="executor://xunit/VsTestRunner2/netcoreapp" className="Estudiantes.Application.Tests.CreateEstudianteCommandHandlerTests" name="Handle_ValidRequest_CreateEstudiante" />
    </UnitTest>
  </TestDefinitions>
  <TestEntries>
    <TestEntry testId="02ff63be-71b5-04ac-44e4-fb85d5ed6d4a" executionId="d739a9a0-d919-4370-99de-b34d5736d12e" testListId="8c84fa94-04c1-424b-9868-57a2d4851a1d" />
    <TestEntry testId="409ed2fe-cf80-bf94-44ab-99af1a930928" executionId="22b7afd0-aecd-44fd-9419-b7663809ddc6" testListId="8c84fa94-04c1-424b-9868-57a2d4851a1d" />
    <TestEntry testId="d8c7d7e4-4d78-9f32-a323-8952e247c195" executionId="059464c7-c1f0-48fb-ae5a-757ce6f9cd94" testListId="8c84fa94-04c1-424b-9868-57a2d4851a1d" />
  </TestEntries>
  <TestLists>
    <TestList name="Results Not in a List" id="8c84fa94-04c1-424b-9868-57a2d4851a1d" />
    <TestList name="All Loaded Results" id="19431567-8539-422a-85d7-44ee4e166bda" />
  </TestLists>
  <ResultSummary outcome="Completed">
    <Counters total="3" executed="3" passed="3" failed="0" error="0" timeout="0" aborted="0" inconclusive="0" passedButRunAborted="0" notRunnable="0" notExecuted="0" disconnected="0" warning="0" completed="0" inProgress="0" pending="0" />
    <Output>
      <StdOut>[xUnit.net 00:00:00.00] xUnit.net VSTest Adapter v2.5.3.1+6b60a9e56a (64-bit .NET 8.0.6)&#xD;
[xUnit.net 00:00:00.29]   Discovering: Estudiantes.Application.Tests&#xD;
[xUnit.net 00:00:00.37]   Discovered:  Estudiantes.Application.Tests&#xD;
[xUnit.net 00:00:00.38]   Starting:    Estudiantes.Application.Tests&#xD;
[xUnit.net 00:00:01.87]   Finished:    Estudiantes.Application.Tests&#xD;
</StdOut>
    </Output>
  </ResultSummary>
</TestRun>