<?xml version="1.0" encoding="utf-8"?>
<TestRun id="c73a6765-0f25-4b44-96c7-4bf7d0706ce9" name="ferna@DESKTOP-VLFM8NJ 2024-07-11 20:58:01" runUser="DESKTOP-VLFM8NJ\ferna" xmlns="http://microsoft.com/schemas/VisualStudio/TeamTest/2010">
  <Times creation="2024-07-11T20:58:01.5386476-05:00" queuing="2024-07-11T20:58:01.5386489-05:00" start="2024-07-11T20:57:58.1687202-05:00" finish="2024-07-11T20:58:01.5533609-05:00" />
  <TestSettings name="default" id="afdff02b-90ba-4c0f-a3f6-8ac8046edc49">
    <Deployment runDeploymentRoot="ferna_DESKTOP-VLFM8NJ_2024-07-11_20_58_01" />
  </TestSettings>
  <Results>
    <UnitTestResult executionId="13e4e385-c0b1-4379-a946-e07a24c933a3" testId="a8e281aa-8d9d-7499-4025-a1381ec8cb2b" testName="Estudiantes.Domain.Tests.MatriculaTests.Create_Should_Return_SuccesResultWithMatricula" computerName="DESKTOP-VLFM8NJ" duration="00:00:00.9708850" startTime="2024-07-11T20:58:01.1789929-05:00" endTime="2024-07-11T20:58:01.1789931-05:00" testType="13cdc9d9-ddb5-4fa4-a97d-d965ccfc6d4b" outcome="Passed" testListId="8c84fa94-04c1-424b-9868-57a2d4851a1d" relativeResultsDirectory="13e4e385-c0b1-4379-a946-e07a24c933a3" />
    <UnitTestResult executionId="ecd7e8b8-2b7b-48d3-aa4e-c651c9e1c8fc" testId="40e5d614-f29b-3876-27ed-ad1c08723fb7" testName="Estudiantes.Domain.Tests.ResultTests.Success_Should_Return_SuccessResultWithValue" computerName="DESKTOP-VLFM8NJ" duration="00:00:00.0009296" startTime="2024-07-11T20:58:01.1788688-05:00" endTime="2024-07-11T20:58:01.1788691-05:00" testType="13cdc9d9-ddb5-4fa4-a97d-d965ccfc6d4b" outcome="Passed" testListId="8c84fa94-04c1-424b-9868-57a2d4851a1d" relativeResultsDirectory="ecd7e8b8-2b7b-48d3-aa4e-c651c9e1c8fc" />
    <UnitTestResult executionId="53b65592-c7ee-458f-967d-a8cf7c6555e1" testId="d8096eb8-7cf2-33de-3e47-a27b3749e57d" testName="Estudiantes.Domain.Tests.ResultTests.Success_Should_Return_SuccessResult" computerName="DESKTOP-VLFM8NJ" duration="00:00:00.0003672" startTime="2024-07-11T20:58:01.1779503-05:00" endTime="2024-07-11T20:58:01.1779504-05:00" testType="13cdc9d9-ddb5-4fa4-a97d-d965ccfc6d4b" outcome="Passed" testListId="8c84fa94-04c1-424b-9868-57a2d4851a1d" relativeResultsDirectory="53b65592-c7ee-458f-967d-a8cf7c6555e1" />
    <UnitTestResult executionId="07550db9-1f03-43e8-bca8-a11e2136b69a" testId="143e3f61-8d9a-d34f-7bb4-4e11b3a53494" testName="Estudiantes.Domain.Tests.ResultTests.Success_Should_Return_FailureResult" computerName="DESKTOP-VLFM8NJ" duration="00:00:00.9691545" startTime="2024-07-11T20:58:01.1772584-05:00" endTime="2024-07-11T20:58:01.1772592-05:00" testType="13cdc9d9-ddb5-4fa4-a97d-d965ccfc6d4b" outcome="Passed" testListId="8c84fa94-04c1-424b-9868-57a2d4851a1d" relativeResultsDirectory="07550db9-1f03-43e8-bca8-a11e2136b69a" />
    <UnitTestResult executionId="fe0760a0-6a55-4d64-ab4c-27a6665e2f0a" testId="66093e51-516a-2fb5-7e33-87d69831b8f2" testName="Estudiantes.Domain.Tests.EstudianteTests.Create_Should_Return_FailureResult_When_UsuarioIdIsEmpty" computerName="DESKTOP-VLFM8NJ" duration="00:00:00.9519925" startTime="2024-07-11T20:58:01.1667935-05:00" endTime="2024-07-11T20:58:01.1668427-05:00" testType="13cdc9d9-ddb5-4fa4-a97d-d965ccfc6d4b" outcome="Passed" testListId="8c84fa94-04c1-424b-9868-57a2d4851a1d" relativeResultsDirectory="fe0760a0-6a55-4d64-ab4c-27a6665e2f0a" />
  </Results>
  <TestDefinitions>
    <UnitTest name="Estudiantes.Domain.Tests.ResultTests.Success_Should_Return_SuccessResultWithValue" storage="d:\onedrive\trabajo\tecylab\curso net y aws\semana 12\estudiantes\test\estudiantes.domain.tests\bin\debug\net8.0\estudiantes.domain.tests.dll" id="40e5d614-f29b-3876-27ed-ad1c08723fb7">
      <Execution id="ecd7e8b8-2b7b-48d3-aa4e-c651c9e1c8fc" />
      <TestMethod codeBase="D:\OneDrive\Trabajo\TecyLab\Curso Net y AWS\semana 12\Estudiantes\test\Estudiantes.Domain.Tests\bin\Debug\net8.0\Estudiantes.Domain.Tests.dll" adapterTypeName="executor://xunit/VsTestRunner2/netcoreapp" className="Estudiantes.Domain.Tests.ResultTests" name="Success_Should_Return_SuccessResultWithValue" />
    </UnitTest>
    <UnitTest name="Estudiantes.Domain.Tests.EstudianteTests.Create_Should_Return_FailureResult_When_UsuarioIdIsEmpty" storage="d:\onedrive\trabajo\tecylab\curso net y aws\semana 12\estudiantes\test\estudiantes.domain.tests\bin\debug\net8.0\estudiantes.domain.tests.dll" id="66093e51-516a-2fb5-7e33-87d69831b8f2">
      <Execution id="fe0760a0-6a55-4d64-ab4c-27a6665e2f0a" />
      <TestMethod codeBase="D:\OneDrive\Trabajo\TecyLab\Curso Net y AWS\semana 12\Estudiantes\test\Estudiantes.Domain.Tests\bin\Debug\net8.0\Estudiantes.Domain.Tests.dll" adapterTypeName="executor://xunit/VsTestRunner2/netcoreapp" className="Estudiantes.Domain.Tests.EstudianteTests" name="Create_Should_Return_FailureResult_When_UsuarioIdIsEmpty" />
    </UnitTest>
    <UnitTest name="Estudiantes.Domain.Tests.ResultTests.Success_Should_Return_SuccessResult" storage="d:\onedrive\trabajo\tecylab\curso net y aws\semana 12\estudiantes\test\estudiantes.domain.tests\bin\debug\net8.0\estudiantes.domain.tests.dll" id="d8096eb8-7cf2-33de-3e47-a27b3749e57d">
      <Execution id="53b65592-c7ee-458f-967d-a8cf7c6555e1" />
      <TestMethod codeBase="D:\OneDrive\Trabajo\TecyLab\Curso Net y AWS\semana 12\Estudiantes\test\Estudiantes.Domain.Tests\bin\Debug\net8.0\Estudiantes.Domain.Tests.dll" adapterTypeName="executor://xunit/VsTestRunner2/netcoreapp" className="Estudiantes.Domain.Tests.ResultTests" name="Success_Should_Return_SuccessResult" />
    </UnitTest>
    <UnitTest name="Estudiantes.Domain.Tests.MatriculaTests.Create_Should_Return_SuccesResultWithMatricula" storage="d:\onedrive\trabajo\tecylab\curso net y aws\semana 12\estudiantes\test\estudiantes.domain.tests\bin\debug\net8.0\estudiantes.domain.tests.dll" id="a8e281aa-8d9d-7499-4025-a1381ec8cb2b">
      <Execution id="13e4e385-c0b1-4379-a946-e07a24c933a3" />
      <TestMethod codeBase="D:\OneDrive\Trabajo\TecyLab\Curso Net y AWS\semana 12\Estudiantes\test\Estudiantes.Domain.Tests\bin\Debug\net8.0\Estudiantes.Domain.Tests.dll" adapterTypeName="executor://xunit/VsTestRunner2/netcoreapp" className="Estudiantes.Domain.Tests.MatriculaTests" name="Create_Should_Return_SuccesResultWithMatricula" />
    </UnitTest>
    <UnitTest name="Estudiantes.Domain.Tests.ResultTests.Success_Should_Return_FailureResult" storage="d:\onedrive\trabajo\tecylab\curso net y aws\semana 12\estudiantes\test\estudiantes.domain.tests\bin\debug\net8.0\estudiantes.domain.tests.dll" id="143e3f61-8d9a-d34f-7bb4-4e11b3a53494">
      <Execution id="07550db9-1f03-43e8-bca8-a11e2136b69a" />
      <TestMethod codeBase="D:\OneDrive\Trabajo\TecyLab\Curso Net y AWS\semana 12\Estudiantes\test\Estudiantes.Domain.Tests\bin\Debug\net8.0\Estudiantes.Domain.Tests.dll" adapterTypeName="executor://xunit/VsTestRunner2/netcoreapp" className="Estudiantes.Domain.Tests.ResultTests" name="Success_Should_Return_FailureResult" />
    </UnitTest>
  </TestDefinitions>
  <TestEntries>
    <TestEntry testId="a8e281aa-8d9d-7499-4025-a1381ec8cb2b" executionId="13e4e385-c0b1-4379-a946-e07a24c933a3" testListId="8c84fa94-04c1-424b-9868-57a2d4851a1d" />
    <TestEntry testId="40e5d614-f29b-3876-27ed-ad1c08723fb7" executionId="ecd7e8b8-2b7b-48d3-aa4e-c651c9e1c8fc" testListId="8c84fa94-04c1-424b-9868-57a2d4851a1d" />
    <TestEntry testId="d8096eb8-7cf2-33de-3e47-a27b3749e57d" executionId="53b65592-c7ee-458f-967d-a8cf7c6555e1" testListId="8c84fa94-04c1-424b-9868-57a2d4851a1d" />
    <TestEntry testId="143e3f61-8d9a-d34f-7bb4-4e11b3a53494" executionId="07550db9-1f03-43e8-bca8-a11e2136b69a" testListId="8c84fa94-04c1-424b-9868-57a2d4851a1d" />
    <TestEntry testId="66093e51-516a-2fb5-7e33-87d69831b8f2" executionId="fe0760a0-6a55-4d64-ab4c-27a6665e2f0a" testListId="8c84fa94-04c1-424b-9868-57a2d4851a1d" />
  </TestEntries>
  <TestLists>
    <TestList name="Results Not in a List" id="8c84fa94-04c1-424b-9868-57a2d4851a1d" />
    <TestList name="All Loaded Results" id="19431567-8539-422a-85d7-44ee4e166bda" />
  </TestLists>
  <ResultSummary outcome="Completed">
    <Counters total="5" executed="5" passed="5" failed="0" error="0" timeout="0" aborted="0" inconclusive="0" passedButRunAborted="0" notRunnable="0" notExecuted="0" disconnected="0" warning="0" completed="0" inProgress="0" pending="0" />
    <Output>
      <StdOut>[xUnit.net 00:00:00.00] xUnit.net VSTest Adapter v2.5.3.1+6b60a9e56a (64-bit .NET 8.0.6)&#xD;
[xUnit.net 00:00:00.23]   Discovering: Estudiantes.Domain.Tests&#xD;
[xUnit.net 00:00:00.34]   Discovered:  Estudiantes.Domain.Tests&#xD;
[xUnit.net 00:00:00.34]   Starting:    Estudiantes.Domain.Tests&#xD;
[xUnit.net 00:00:01.55]   Finished:    Estudiantes.Domain.Tests&#xD;
</StdOut>
    </Output>
  </ResultSummary>
</TestRun>